<?xml version="1.0" encoding="UTF-8"?>
<coverage generated="1481163792620" clover="3.2.0">
  <project timestamp="1481163792620" name="All files">
    <metrics statements="24" coveredstatements="24" conditionals="13" coveredconditionals="13" methods="3" coveredmethods="3" elements="40" coveredelements="40" complexity="0" loc="24" ncloc="24" packages="1" files="1" classes="1">
      <file name="directions.js" path="/Users/meche/Code/testing/directions/src/utils/directions.js">
        <metrics statements="24" coveredstatements="24" conditionals="13" coveredconditionals="13" methods="3" coveredmethods="3"/>
        <line num="3" count="1" type="stmt"/>
        <line num="5" count="1" type="stmt"/>
        <line num="6" count="3" type="stmt"/>
        <line num="7" count="3" type="stmt"/>
        <line num="8" count="3" type="stmt"/>
        <line num="9" count="1" type="stmt"/>
        <line num="11" count="2" type="stmt"/>
        <line num="12" count="1" type="stmt"/>
        <line num="14" count="1" type="stmt"/>
        <line num="17" count="1" type="stmt"/>
        <line num="18" count="4" type="stmt"/>
        <line num="19" count="4" type="stmt"/>
        <line num="20" count="4" type="stmt"/>
        <line num="21" count="2" type="stmt"/>
        <line num="23" count="2" type="stmt"/>
        <line num="26" count="1" type="stmt"/>
        <line num="27" count="7" type="stmt"/>
        <line num="28" count="7" type="stmt"/>
        <line num="30" count="7" type="stmt"/>
        <line num="32" count="7" type="stmt"/>
        <line num="33" count="3" type="stmt"/>
        <line num="36" count="7" type="stmt"/>
        <line num="37" count="4" type="stmt"/>
        <line num="39" count="7" type="stmt"/>
      </file>
    </metrics>
  </project>
</coverage>
