TN:
SF:/Users/meche/Code/testing/directions/src/utils/directions.js
FN:5,(anonymous_0)
FN:17,(anonymous_1)
FN:26,(anonymous_2)
FNF:3
FNH:3
FNDA:3,(anonymous_0)
FNDA:5,(anonymous_1)
FNDA:8,(anonymous_2)
DA:3,1
DA:5,1
DA:6,3
DA:7,3
DA:8,3
DA:9,1
DA:11,2
DA:12,1
DA:14,1
DA:17,1
DA:18,5
DA:19,5
DA:20,5
DA:21,3
DA:23,2
DA:26,1
DA:27,8
DA:28,8
DA:30,8
DA:32,8
DA:33,3
DA:36,8
DA:37,5
DA:39,8
LF:24
LH:24
BRDA:8,0,0,1
BRDA:8,0,1,2
BRDA:11,1,0,1
BRDA:11,1,1,1
BRDA:20,2,0,3
BRDA:20,2,1,2
BRDA:20,3,0,5
BRDA:20,3,1,5
BRDA:26,4,0,2
BRDA:32,5,0,3
BRDA:32,5,1,5
BRDA:36,6,0,5
BRDA:36,6,1,3
BRF:13
BRH:13
end_of_record
